<?xml version="1.0" encoding="UTF-8"?>
<!-- Generated by org.testng.reporters.JUnitReportReporter -->
<testsuite hostname="TLSHY-CPU-00102" failures="0" tests="2" name="testcases.TC_P0_Test" time="42.206" errors="0" timestamp="2024-11-07T10:39:16 IST" skipped="1">
  <testcase classname="testcases.TC_P0_Test" name="TC_MC_002" time="42.206"/>
  <testcase classname="testcases.TC_P0_Test" name="p0_testCases">
    <skipped/>
  </testcase> <!-- p0_testCases -->
</testsuite> <!-- testcases.TC_P0_Test -->
