<?xml version="1.0" encoding="UTF-8"?>
<!-- Generated by org.testng.reporters.JUnitReportReporter -->
<testsuite hostname="TLSHY-CPU-00102" failures="0" tests="1" name="testcases.TC_MC_002" time="57.696" errors="0" timestamp="2024-11-19T12:01:21 IST" skipped="0">
  <testcase classname="testcases.TC_MC_002" name="TC_MC_002_testCase" time="57.696"/>
</testsuite> <!-- testcases.TC_MC_002 -->
