<?xml version="1.0" encoding="UTF-8"?>
<!-- Generated by org.testng.reporters.JUnitReportReporter -->
<testsuite hostname="TLSHY-CPU-00102" failures="0" tests="1" name="testcases.TS_MC_043" time="24.953" errors="0" timestamp="2024-11-13T11:52:20 IST" skipped="0">
  <testcase classname="testcases.TS_MC_043" name="TS_MC_043_testCase" time="24.953"/>
</testsuite> <!-- testcases.TS_MC_043 -->
